info: Mar-26-2022 14:31:33: 	API Server listening on http://127.0.0.1:8081
info: Mar-26-2022 14:32:07: 	Spot Response: undefined
error: Mar-26-2022 14:32:07: 	TypeError: Cannot read properties of undefined (reading 'success')
    at getParkingSpotDetails (/Users/hu5ky5n0w/Projects/Lightning/park-lightning/backend/api/spot/spotController.js:11:19)
    at processTicksAndRejections (node:internal/process/task_queues:96:5)
info: Mar-26-2022 14:32:31: 	API Server listening on http://127.0.0.1:8081
error: Mar-26-2022 14:32:33: 	ReferenceError: response is not defined
    at getParkingSpotDetails (/Users/hu5ky5n0w/Projects/Lightning/park-lightning/backend/api/spot/spotController.js:10:49)
    at Layer.handle [as handle_request] (/Users/hu5ky5n0w/Projects/Lightning/park-lightning/backend/node_modules/express/lib/router/layer.js:95:5)
    at next (/Users/hu5ky5n0w/Projects/Lightning/park-lightning/backend/node_modules/express/lib/router/route.js:137:13)
    at Route.dispatch (/Users/hu5ky5n0w/Projects/Lightning/park-lightning/backend/node_modules/express/lib/router/route.js:112:3)
    at Layer.handle [as handle_request] (/Users/hu5ky5n0w/Projects/Lightning/park-lightning/backend/node_modules/express/lib/router/layer.js:95:5)
    at /Users/hu5ky5n0w/Projects/Lightning/park-lightning/backend/node_modules/express/lib/router/index.js:281:22
    at Function.process_params (/Users/hu5ky5n0w/Projects/Lightning/park-lightning/backend/node_modules/express/lib/router/index.js:341:12)
    at next (/Users/hu5ky5n0w/Projects/Lightning/park-lightning/backend/node_modules/express/lib/router/index.js:275:10)
    at expressInit (/Users/hu5ky5n0w/Projects/Lightning/park-lightning/backend/node_modules/express/lib/middleware/init.js:40:5)
    at Layer.handle [as handle_request] (/Users/hu5ky5n0w/Projects/Lightning/park-lightning/backend/node_modules/express/lib/router/layer.js:95:5)
info: Mar-26-2022 14:32:44: 	API Server listening on http://127.0.0.1:8081
info: Mar-26-2022 14:32:52: 	API Server listening on http://127.0.0.1:8081
info: Mar-26-2022 14:33:53: 	API Server listening on http://127.0.0.1:8081
info: Mar-26-2022 14:34:39: 	API Server listening on http://127.0.0.1:8081
info: Mar-26-2022 14:34:59: 	API Server listening on http://127.0.0.1:8081
info: Mar-26-2022 15:17:45: 	Connection to GCP Project park-lightning successful!
info: Mar-26-2022 15:17:45: 	Connected to collection park-lightning/parkLightning
info: Mar-26-2022 15:17:45: 	API Server listening on http://127.0.0.1:8081
info: Mar-26-2022 15:21:08: 	Connection to GCP Project park-lightning successful!
info: Mar-26-2022 15:21:08: 	Connected to collection park-lightning/parkLightning
info: Mar-26-2022 15:21:08: 	API Server listening on http://127.0.0.1:8081
info: Mar-26-2022 15:21:55: 	Connection to GCP Project park-lightning successful!
info: Mar-26-2022 15:21:55: 	Connected to collection park-lightning/parkLightning
info: Mar-26-2022 15:21:55: 	API Server listening on http://127.0.0.1:8081
info: Mar-26-2022 15:22:00: 	Connection to GCP Project park-lightning successful!
info: Mar-26-2022 15:22:00: 	Connected to collection park-lightning/parkLightning
info: Mar-26-2022 15:22:00: 	API Server listening on http://127.0.0.1:8081
info: Mar-26-2022 15:22:05: 	Spot Details Response: undefined
error: Mar-26-2022 15:22:05: 	TypeError: Cannot read properties of undefined (reading 'success')
    at getParkingSpotDetails (/Users/hu5ky5n0w/Projects/Lightning/park-lightning/backend/api/spot/spotController.js:11:19)
    at processTicksAndRejections (node:internal/process/task_queues:96:5)
info: Mar-26-2022 15:22:41: 	Connection to GCP Project park-lightning successful!
info: Mar-26-2022 15:22:41: 	Connected to collection park-lightning/parkLightning
info: Mar-26-2022 15:22:41: 	API Server listening on http://127.0.0.1:8081
info: Mar-26-2022 15:22:42: 	Spot Details Response: undefined
error: Mar-26-2022 15:22:42: 	TypeError: Cannot read properties of undefined (reading 'success')
    at getParkingSpotDetails (/Users/hu5ky5n0w/Projects/Lightning/park-lightning/backend/api/spot/spotController.js:11:19)
    at processTicksAndRejections (node:internal/process/task_queues:96:5)
info: Mar-26-2022 15:22:50: 	Connection to GCP Project park-lightning successful!
info: Mar-26-2022 15:22:50: 	Connected to collection park-lightning/parkLightning
info: Mar-26-2022 15:22:50: 	API Server listening on http://127.0.0.1:8081
info: Mar-26-2022 15:22:51: 	Spot Details Response: undefined
error: Mar-26-2022 15:22:51: 	TypeError: Cannot read properties of undefined (reading 'success')
    at getParkingSpotDetails (/Users/hu5ky5n0w/Projects/Lightning/park-lightning/backend/api/spot/spotController.js:11:19)
    at processTicksAndRejections (node:internal/process/task_queues:96:5)
info: Mar-26-2022 15:23:12: 	Spot Details Response: undefined
error: Mar-26-2022 15:23:12: 	TypeError: Cannot read properties of undefined (reading 'success')
    at getParkingSpotDetails (/Users/hu5ky5n0w/Projects/Lightning/park-lightning/backend/api/spot/spotController.js:11:19)
    at processTicksAndRejections (node:internal/process/task_queues:96:5)
info: Mar-26-2022 15:24:16: 	Connection to GCP Project park-lightning successful!
info: Mar-26-2022 15:24:16: 	Connected to collection park-lightning/parkLightning
info: Mar-26-2022 15:24:16: 	API Server listening on http://127.0.0.1:8081
info: Mar-26-2022 15:24:19: 	Spot Details Response: undefined
error: Mar-26-2022 15:24:19: 	TypeError: Cannot read properties of undefined (reading 'success')
    at getParkingSpotDetails (/Users/hu5ky5n0w/Projects/Lightning/park-lightning/backend/api/spot/spotController.js:11:19)
    at processTicksAndRejections (node:internal/process/task_queues:96:5)
info: Mar-26-2022 15:24:45: 	Connection to GCP Project park-lightning successful!
info: Mar-26-2022 15:24:45: 	Connected to collection park-lightning/parkLightning
info: Mar-26-2022 15:24:45: 	API Server listening on http://127.0.0.1:8081
error: Mar-26-2022 15:24:48: 	TypeError: spots.doc(...).get(...).data is not a function
    at Object.getParkingSpotDetails (/Users/hu5ky5n0w/Projects/Lightning/park-lightning/backend/api/spot/spotService.js:7:50)
    at getParkingSpotDetails (/Users/hu5ky5n0w/Projects/Lightning/park-lightning/backend/api/spot/spotController.js:7:40)
    at Layer.handle [as handle_request] (/Users/hu5ky5n0w/Projects/Lightning/park-lightning/backend/node_modules/express/lib/router/layer.js:95:5)
    at next (/Users/hu5ky5n0w/Projects/Lightning/park-lightning/backend/node_modules/express/lib/router/route.js:137:13)
    at Route.dispatch (/Users/hu5ky5n0w/Projects/Lightning/park-lightning/backend/node_modules/express/lib/router/route.js:112:3)
    at Layer.handle [as handle_request] (/Users/hu5ky5n0w/Projects/Lightning/park-lightning/backend/node_modules/express/lib/router/layer.js:95:5)
    at /Users/hu5ky5n0w/Projects/Lightning/park-lightning/backend/node_modules/express/lib/router/index.js:281:22
    at Function.process_params (/Users/hu5ky5n0w/Projects/Lightning/park-lightning/backend/node_modules/express/lib/router/index.js:341:12)
    at next (/Users/hu5ky5n0w/Projects/Lightning/park-lightning/backend/node_modules/express/lib/router/index.js:275:10)
    at expressInit (/Users/hu5ky5n0w/Projects/Lightning/park-lightning/backend/node_modules/express/lib/middleware/init.js:40:5)
error: Mar-26-2022 15:24:48: 	Error: TypeError: spots.doc(...).get(...).data is not a function
    at Object.getParkingSpotDetails (/Users/hu5ky5n0w/Projects/Lightning/park-lightning/backend/api/spot/spotService.js:11:15)
    at getParkingSpotDetails (/Users/hu5ky5n0w/Projects/Lightning/park-lightning/backend/api/spot/spotController.js:7:40)
    at Layer.handle [as handle_request] (/Users/hu5ky5n0w/Projects/Lightning/park-lightning/backend/node_modules/express/lib/router/layer.js:95:5)
    at next (/Users/hu5ky5n0w/Projects/Lightning/park-lightning/backend/node_modules/express/lib/router/route.js:137:13)
    at Route.dispatch (/Users/hu5ky5n0w/Projects/Lightning/park-lightning/backend/node_modules/express/lib/router/route.js:112:3)
    at Layer.handle [as handle_request] (/Users/hu5ky5n0w/Projects/Lightning/park-lightning/backend/node_modules/express/lib/router/layer.js:95:5)
    at /Users/hu5ky5n0w/Projects/Lightning/park-lightning/backend/node_modules/express/lib/router/index.js:281:22
    at Function.process_params (/Users/hu5ky5n0w/Projects/Lightning/park-lightning/backend/node_modules/express/lib/router/index.js:341:12)
    at next (/Users/hu5ky5n0w/Projects/Lightning/park-lightning/backend/node_modules/express/lib/router/index.js:275:10)
    at expressInit (/Users/hu5ky5n0w/Projects/Lightning/park-lightning/backend/node_modules/express/lib/middleware/init.js:40:5)
info: Mar-26-2022 15:25:05: 	Connection to GCP Project park-lightning successful!
info: Mar-26-2022 15:25:05: 	Connected to collection park-lightning/parkLightning
info: Mar-26-2022 15:25:05: 	API Server listening on http://127.0.0.1:8081
error: Mar-26-2022 15:25:07: 	TypeError: Cannot convert undefined or null to object
    at Function.keys (<anonymous>)
    at Object.getParkingSpotDetails (/Users/hu5ky5n0w/Projects/Lightning/park-lightning/backend/api/spot/spotService.js:8:28)
    at processTicksAndRejections (node:internal/process/task_queues:96:5)
    at async getParkingSpotDetails (/Users/hu5ky5n0w/Projects/Lightning/park-lightning/backend/api/spot/spotController.js:7:22)
error: Mar-26-2022 15:25:07: 	Error: TypeError: Cannot convert undefined or null to object
    at Object.getParkingSpotDetails (/Users/hu5ky5n0w/Projects/Lightning/park-lightning/backend/api/spot/spotService.js:11:15)
    at processTicksAndRejections (node:internal/process/task_queues:96:5)
    at async getParkingSpotDetails (/Users/hu5ky5n0w/Projects/Lightning/park-lightning/backend/api/spot/spotController.js:7:22)
info: Mar-26-2022 15:25:25: 	Connection to GCP Project park-lightning successful!
info: Mar-26-2022 15:25:25: 	Connected to collection park-lightning/parkLightning
info: Mar-26-2022 15:25:25: 	API Server listening on http://127.0.0.1:8081
info: Mar-26-2022 15:25:27: 	Spot Details Response: undefined
error: Mar-26-2022 15:25:27: 	TypeError: Cannot read properties of undefined (reading 'success')
    at getParkingSpotDetails (/Users/hu5ky5n0w/Projects/Lightning/park-lightning/backend/api/spot/spotController.js:11:19)
    at processTicksAndRejections (node:internal/process/task_queues:96:5)
info: Mar-26-2022 15:25:35: 	Connection to GCP Project park-lightning successful!
info: Mar-26-2022 15:25:35: 	Connected to collection park-lightning/parkLightning
info: Mar-26-2022 15:25:35: 	API Server listening on http://127.0.0.1:8081
info: Mar-26-2022 15:25:36: 	Spot Details Response: undefined
error: Mar-26-2022 15:25:36: 	TypeError: Cannot read properties of undefined (reading 'success')
    at getParkingSpotDetails (/Users/hu5ky5n0w/Projects/Lightning/park-lightning/backend/api/spot/spotController.js:11:19)
    at processTicksAndRejections (node:internal/process/task_queues:96:5)
info: Mar-26-2022 15:25:57: 	Spot Details Response: undefined
error: Mar-26-2022 15:25:57: 	TypeError: Cannot read properties of undefined (reading 'success')
    at getParkingSpotDetails (/Users/hu5ky5n0w/Projects/Lightning/park-lightning/backend/api/spot/spotController.js:11:19)
    at processTicksAndRejections (node:internal/process/task_queues:96:5)
info: Mar-26-2022 15:27:10: 	Connection to GCP Project park-lightning successful!
info: Mar-26-2022 15:27:10: 	Connected to collection park-lightning/parkLightning
info: Mar-26-2022 15:27:10: 	API Server listening on http://127.0.0.1:8081
info: Mar-26-2022 15:27:13: 	Spot Details Response: undefined
error: Mar-26-2022 15:27:13: 	TypeError: Cannot read properties of undefined (reading 'success')
    at getParkingSpotDetails (/Users/hu5ky5n0w/Projects/Lightning/park-lightning/backend/api/spot/spotController.js:11:19)
    at processTicksAndRejections (node:internal/process/task_queues:96:5)
info: Mar-26-2022 15:27:27: 	Connection to GCP Project park-lightning successful!
info: Mar-26-2022 15:27:27: 	Connected to collection park-lightning/parkLightning
info: Mar-26-2022 15:27:27: 	API Server listening on http://127.0.0.1:8081
info: Mar-26-2022 15:27:29: 	Spot Details Response: undefined
error: Mar-26-2022 15:27:29: 	TypeError: Cannot read properties of undefined (reading 'success')
    at getParkingSpotDetails (/Users/hu5ky5n0w/Projects/Lightning/park-lightning/backend/api/spot/spotController.js:11:19)
    at processTicksAndRejections (node:internal/process/task_queues:96:5)
info: Mar-26-2022 15:28:23: 	Connection to GCP Project park-lightning successful!
info: Mar-26-2022 15:28:23: 	API Server listening on http://127.0.0.1:8081
info: Mar-26-2022 15:28:34: 	Connection to GCP Project park-lightning successful!
info: Mar-26-2022 15:28:34: 	API Server listening on http://127.0.0.1:8081
error: Mar-26-2022 15:28:55: 	ReferenceError: spots is not defined
    at Object.getParkingSpotDetails (/Users/hu5ky5n0w/Projects/Lightning/park-lightning/backend/api/spot/spotService.js:8:25)
    at getParkingSpotDetails (/Users/hu5ky5n0w/Projects/Lightning/park-lightning/backend/api/spot/spotController.js:7:40)
    at Layer.handle [as handle_request] (/Users/hu5ky5n0w/Projects/Lightning/park-lightning/backend/node_modules/express/lib/router/layer.js:95:5)
    at next (/Users/hu5ky5n0w/Projects/Lightning/park-lightning/backend/node_modules/express/lib/router/route.js:137:13)
    at Route.dispatch (/Users/hu5ky5n0w/Projects/Lightning/park-lightning/backend/node_modules/express/lib/router/route.js:112:3)
    at Layer.handle [as handle_request] (/Users/hu5ky5n0w/Projects/Lightning/park-lightning/backend/node_modules/express/lib/router/layer.js:95:5)
    at /Users/hu5ky5n0w/Projects/Lightning/park-lightning/backend/node_modules/express/lib/router/index.js:281:22
    at Function.process_params (/Users/hu5ky5n0w/Projects/Lightning/park-lightning/backend/node_modules/express/lib/router/index.js:341:12)
    at next (/Users/hu5ky5n0w/Projects/Lightning/park-lightning/backend/node_modules/express/lib/router/index.js:275:10)
    at expressInit (/Users/hu5ky5n0w/Projects/Lightning/park-lightning/backend/node_modules/express/lib/middleware/init.js:40:5)
error: Mar-26-2022 15:28:55: 	Error: ReferenceError: spots is not defined
    at Object.getParkingSpotDetails (/Users/hu5ky5n0w/Projects/Lightning/park-lightning/backend/api/spot/spotService.js:13:15)
    at getParkingSpotDetails (/Users/hu5ky5n0w/Projects/Lightning/park-lightning/backend/api/spot/spotController.js:7:40)
    at Layer.handle [as handle_request] (/Users/hu5ky5n0w/Projects/Lightning/park-lightning/backend/node_modules/express/lib/router/layer.js:95:5)
    at next (/Users/hu5ky5n0w/Projects/Lightning/park-lightning/backend/node_modules/express/lib/router/route.js:137:13)
    at Route.dispatch (/Users/hu5ky5n0w/Projects/Lightning/park-lightning/backend/node_modules/express/lib/router/route.js:112:3)
    at Layer.handle [as handle_request] (/Users/hu5ky5n0w/Projects/Lightning/park-lightning/backend/node_modules/express/lib/router/layer.js:95:5)
    at /Users/hu5ky5n0w/Projects/Lightning/park-lightning/backend/node_modules/express/lib/router/index.js:281:22
    at Function.process_params (/Users/hu5ky5n0w/Projects/Lightning/park-lightning/backend/node_modules/express/lib/router/index.js:341:12)
    at next (/Users/hu5ky5n0w/Projects/Lightning/park-lightning/backend/node_modules/express/lib/router/index.js:275:10)
    at expressInit (/Users/hu5ky5n0w/Projects/Lightning/park-lightning/backend/node_modules/express/lib/middleware/init.js:40:5)
info: Mar-26-2022 15:29:20: 	Connection to GCP Project park-lightning successful!
info: Mar-26-2022 15:29:20: 	API Server listening on http://127.0.0.1:8081
info: Mar-26-2022 15:29:48: 	Connection to GCP Project park-lightning successful!
info: Mar-26-2022 15:29:48: 	API Server listening on http://127.0.0.1:8081
info: Mar-26-2022 15:29:50: 	Connection to GCP Project park-lightning successful!
info: Mar-26-2022 15:29:50: 	API Server listening on http://127.0.0.1:8081
info: Mar-26-2022 15:29:54: 	Spot Details Response: undefined
error: Mar-26-2022 15:29:54: 	TypeError: Cannot read properties of undefined (reading 'success')
    at getParkingSpotDetails (/Users/hu5ky5n0w/Projects/Lightning/park-lightning/backend/api/spot/spotController.js:11:19)
    at processTicksAndRejections (node:internal/process/task_queues:96:5)
info: Mar-26-2022 15:30:17: 	Connection to GCP Project park-lightning successful!
info: Mar-26-2022 15:30:17: 	API Server listening on http://127.0.0.1:8081
info: Mar-26-2022 15:33:11: 	Spot Details Response: undefined
error: Mar-26-2022 15:33:11: 	TypeError: Cannot read properties of undefined (reading 'success')
    at getParkingSpotDetails (/Users/hu5ky5n0w/Projects/Lightning/park-lightning/backend/api/spot/spotController.js:11:19)
    at processTicksAndRejections (node:internal/process/task_queues:96:5)
info: Mar-26-2022 15:34:18: 	Connection to GCP Project park-lightning successful!
info: Mar-26-2022 15:34:18: 	Connected to collection park-lightning/parkLightning
info: Mar-26-2022 15:34:18: 	API Server listening on http://127.0.0.1:8081
info: Mar-26-2022 15:34:19: 	Spot Details Response: undefined
error: Mar-26-2022 15:34:19: 	TypeError: Cannot read properties of undefined (reading 'success')
    at getParkingSpotDetails (/Users/hu5ky5n0w/Projects/Lightning/park-lightning/backend/api/spot/spotController.js:11:19)
    at processTicksAndRejections (node:internal/process/task_queues:96:5)
info: Mar-26-2022 15:34:47: 	Connection to GCP Project park-lightning successful!
info: Mar-26-2022 15:34:47: 	Connected to collection park-lightning/parkLightning
info: Mar-26-2022 15:34:47: 	API Server listening on http://127.0.0.1:8081
info: Mar-26-2022 15:34:52: 	Spot Details Response: undefined
error: Mar-26-2022 15:34:52: 	TypeError: Cannot read properties of undefined (reading 'success')
    at getParkingSpotDetails (/Users/hu5ky5n0w/Projects/Lightning/park-lightning/backend/api/spot/spotController.js:11:19)
    at processTicksAndRejections (node:internal/process/task_queues:96:5)
info: Mar-26-2022 15:35:04: 	Connection to GCP Project park-lightning successful!
info: Mar-26-2022 15:35:04: 	Connected to collection park-lightning/parkLightning
info: Mar-26-2022 15:35:04: 	API Server listening on http://127.0.0.1:8081
info: Mar-26-2022 15:35:05: 	Spot Details Response: undefined
error: Mar-26-2022 15:35:05: 	TypeError: Cannot read properties of undefined (reading 'success')
    at getParkingSpotDetails (/Users/hu5ky5n0w/Projects/Lightning/park-lightning/backend/api/spot/spotController.js:11:19)
    at processTicksAndRejections (node:internal/process/task_queues:96:5)
info: Mar-26-2022 15:37:25: 	Connection to GCP Project park-lightning successful!
info: Mar-26-2022 15:37:25: 	Connected to collection park-lightning/parkLightning
info: Mar-26-2022 15:37:25: 	API Server listening on http://127.0.0.1:8081
info: Mar-26-2022 15:38:07: 	Connection to GCP Project park-lightning successful!
info: Mar-26-2022 15:38:07: 	Connected to collection park-lightning/parkLightning
info: Mar-26-2022 15:38:07: 	API Server listening on http://127.0.0.1:8081
info: Mar-26-2022 15:38:14: 	Connection to GCP Project park-lightning successful!
info: Mar-26-2022 15:38:14: 	Connected to collection park-lightning/parkLightning
info: Mar-26-2022 15:38:14: 	API Server listening on http://127.0.0.1:8081
info: Mar-26-2022 15:38:17: 	Spot Details Response: undefined
error: Mar-26-2022 15:38:17: 	TypeError: Cannot read properties of undefined (reading 'success')
    at getParkingSpotDetails (/Users/hu5ky5n0w/Projects/Lightning/park-lightning/backend/api/spot/spotController.js:11:19)
    at processTicksAndRejections (node:internal/process/task_queues:96:5)
info: Mar-26-2022 15:38:25: 	Connection to GCP Project park-lightning successful!
info: Mar-26-2022 15:38:25: 	Connected to collection park-lightning/parkLightning
info: Mar-26-2022 15:38:25: 	API Server listening on http://127.0.0.1:8081
info: Mar-26-2022 15:38:27: 	Spot Details Response: undefined
error: Mar-26-2022 15:38:27: 	TypeError: Cannot read properties of undefined (reading 'success')
    at getParkingSpotDetails (/Users/hu5ky5n0w/Projects/Lightning/park-lightning/backend/api/spot/spotController.js:11:19)
    at processTicksAndRejections (node:internal/process/task_queues:96:5)
info: Mar-26-2022 15:39:24: 	Connection to GCP Project park-lightning successful!
info: Mar-26-2022 15:39:24: 	Connected to collection park-lightning/parkLightning
info: Mar-26-2022 15:39:24: 	API Server listening on http://127.0.0.1:8081
info: Mar-26-2022 15:39:29: 	Connection to GCP Project park-lightning successful!
info: Mar-26-2022 15:39:29: 	Connected to collection park-lightning/parkLightning
info: Mar-26-2022 15:39:29: 	API Server listening on http://127.0.0.1:8081
info: Mar-26-2022 15:39:31: 	Spot Details Response: undefined
error: Mar-26-2022 15:39:31: 	TypeError: Cannot read properties of undefined (reading 'success')
    at getParkingSpotDetails (/Users/hu5ky5n0w/Projects/Lightning/park-lightning/backend/api/spot/spotController.js:11:19)
    at processTicksAndRejections (node:internal/process/task_queues:96:5)
info: Mar-26-2022 15:39:38: 	Connection to GCP Project park-lightning successful!
info: Mar-26-2022 15:39:38: 	Connected to collection park-lightning/parkLightning
info: Mar-26-2022 15:39:38: 	API Server listening on http://127.0.0.1:8081
info: Mar-26-2022 15:39:41: 	Spot Details Response: undefined
error: Mar-26-2022 15:39:41: 	TypeError: Cannot read properties of undefined (reading 'success')
    at getParkingSpotDetails (/Users/hu5ky5n0w/Projects/Lightning/park-lightning/backend/api/spot/spotController.js:11:19)
    at processTicksAndRejections (node:internal/process/task_queues:96:5)
info: Mar-26-2022 15:39:49: 	Connection to GCP Project park-lightning successful!
info: Mar-26-2022 15:39:49: 	Connected to collection park-lightning/parkLightning
info: Mar-26-2022 15:39:49: 	API Server listening on http://127.0.0.1:8081
info: Mar-26-2022 15:39:50: 	Spot Details Response: undefined
error: Mar-26-2022 15:39:50: 	TypeError: Cannot read properties of undefined (reading 'success')
    at getParkingSpotDetails (/Users/hu5ky5n0w/Projects/Lightning/park-lightning/backend/api/spot/spotController.js:11:19)
    at processTicksAndRejections (node:internal/process/task_queues:96:5)
info: Mar-26-2022 15:40:31: 	Connection to GCP Project park-lightning successful!
info: Mar-26-2022 15:40:31: 	Connected to collection park-lightning/parkLightning
info: Mar-26-2022 15:40:31: 	API Server listening on http://127.0.0.1:8081
info: Mar-26-2022 15:40:34: 	Spot Details Response: undefined
error: Mar-26-2022 15:40:34: 	TypeError: Cannot read properties of undefined (reading 'success')
    at getParkingSpotDetails (/Users/hu5ky5n0w/Projects/Lightning/park-lightning/backend/api/spot/spotController.js:11:19)
    at processTicksAndRejections (node:internal/process/task_queues:96:5)
info: Mar-26-2022 15:40:41: 	Connection to GCP Project park-lightning successful!
info: Mar-26-2022 15:40:41: 	Connected to collection park-lightning/parkLightning
info: Mar-26-2022 15:40:41: 	API Server listening on http://127.0.0.1:8081
info: Mar-26-2022 15:41:18: 	Connection to GCP Project park-lightning successful!
info: Mar-26-2022 15:41:18: 	Connected to collection park-lightning/parkLightning
info: Mar-26-2022 15:41:18: 	API Server listening on http://127.0.0.1:8081
info: Mar-26-2022 15:41:19: 	Connection to GCP Project park-lightning successful!
info: Mar-26-2022 15:41:19: 	Connected to collection park-lightning/parkLightning
info: Mar-26-2022 15:41:19: 	API Server listening on http://127.0.0.1:8081
error: Mar-26-2022 15:41:23: 	TypeError: spot.forEach is not a function
    at Object.getParkingSpotDetails (/Users/hu5ky5n0w/Projects/Lightning/park-lightning/backend/api/spot/spotService.js:9:14)
    at processTicksAndRejections (node:internal/process/task_queues:96:5)
    at async getParkingSpotDetails (/Users/hu5ky5n0w/Projects/Lightning/park-lightning/backend/api/spot/spotController.js:7:22)
error: Mar-26-2022 15:41:23: 	Error: TypeError: spot.forEach is not a function
    at Object.getParkingSpotDetails (/Users/hu5ky5n0w/Projects/Lightning/park-lightning/backend/api/spot/spotService.js:14:15)
    at processTicksAndRejections (node:internal/process/task_queues:96:5)
    at async getParkingSpotDetails (/Users/hu5ky5n0w/Projects/Lightning/park-lightning/backend/api/spot/spotController.js:7:22)
info: Mar-26-2022 15:41:47: 	Connection to GCP Project park-lightning successful!
info: Mar-26-2022 15:41:47: 	Connected to collection park-lightning/parkLightning
info: Mar-26-2022 15:41:47: 	API Server listening on http://127.0.0.1:8081
info: Mar-26-2022 15:41:54: 	Spot Details Response: undefined
error: Mar-26-2022 15:41:54: 	TypeError: Cannot read properties of undefined (reading 'success')
    at getParkingSpotDetails (/Users/hu5ky5n0w/Projects/Lightning/park-lightning/backend/api/spot/spotController.js:11:19)
    at processTicksAndRejections (node:internal/process/task_queues:96:5)
info: Mar-26-2022 15:42:09: 	Connection to GCP Project park-lightning successful!
info: Mar-26-2022 15:42:09: 	Connected to collection park-lightning/parkLightning
info: Mar-26-2022 15:42:09: 	API Server listening on http://127.0.0.1:8081
info: Mar-26-2022 15:42:18: 	Connection to GCP Project park-lightning successful!
info: Mar-26-2022 15:42:18: 	Connected to collection park-lightning/parkLightning
info: Mar-26-2022 15:42:18: 	API Server listening on http://127.0.0.1:8081
info: Mar-26-2022 15:42:20: 	Spot Details Response: "success"
info: Mar-26-2022 15:43:27: 	Connection to GCP Project park-lightning successful!
info: Mar-26-2022 15:43:27: 	Connected to collection park-lightning/parkLightning
info: Mar-26-2022 15:43:27: 	API Server listening on http://127.0.0.1:8081
info: Mar-26-2022 15:43:32: 	Spot Details Response: undefined
error: Mar-26-2022 15:43:32: 	TypeError: Cannot read properties of undefined (reading 'success')
    at getParkingSpotDetails (/Users/hu5ky5n0w/Projects/Lightning/park-lightning/backend/api/spot/spotController.js:11:19)
    at processTicksAndRejections (node:internal/process/task_queues:96:5)
info: Mar-26-2022 15:43:38: 	Connection to GCP Project park-lightning successful!
info: Mar-26-2022 15:43:38: 	Connected to collection park-lightning/parkLightning
info: Mar-26-2022 15:43:38: 	API Server listening on http://127.0.0.1:8081
info: Mar-26-2022 15:43:39: 	Spot Details Response: undefined
error: Mar-26-2022 15:43:39: 	TypeError: Cannot read properties of undefined (reading 'success')
    at getParkingSpotDetails (/Users/hu5ky5n0w/Projects/Lightning/park-lightning/backend/api/spot/spotController.js:11:19)
    at processTicksAndRejections (node:internal/process/task_queues:96:5)
info: Mar-26-2022 15:43:52: 	Spot Details Response: undefined
error: Mar-26-2022 15:43:52: 	TypeError: Cannot read properties of undefined (reading 'success')
    at getParkingSpotDetails (/Users/hu5ky5n0w/Projects/Lightning/park-lightning/backend/api/spot/spotController.js:11:19)
    at processTicksAndRejections (node:internal/process/task_queues:96:5)
info: Mar-26-2022 15:44:15: 	Connection to GCP Project park-lightning successful!
info: Mar-26-2022 15:44:15: 	Connected to collection park-lightning/parkLightning
info: Mar-26-2022 15:44:15: 	API Server listening on http://127.0.0.1:8081
error: Mar-26-2022 15:44:31: 	ReferenceError: spot is not defined
    at Object.getParkingSpotDetails (/Users/hu5ky5n0w/Projects/Lightning/park-lightning/backend/api/spot/spotService.js:11:33)
    at processTicksAndRejections (node:internal/process/task_queues:96:5)
    at async getParkingSpotDetails (/Users/hu5ky5n0w/Projects/Lightning/park-lightning/backend/api/spot/spotController.js:7:22)
error: Mar-26-2022 15:44:31: 	Error: ReferenceError: spot is not defined
    at Object.getParkingSpotDetails (/Users/hu5ky5n0w/Projects/Lightning/park-lightning/backend/api/spot/spotService.js:14:15)
    at processTicksAndRejections (node:internal/process/task_queues:96:5)
    at async getParkingSpotDetails (/Users/hu5ky5n0w/Projects/Lightning/park-lightning/backend/api/spot/spotController.js:7:22)
info: Mar-26-2022 15:45:17: 	Connection to GCP Project park-lightning successful!
info: Mar-26-2022 15:45:17: 	Connected to collection park-lightning/parkLightning
info: Mar-26-2022 15:45:17: 	API Server listening on http://127.0.0.1:8081
error: Mar-26-2022 15:45:20: 	TypeError: (intermediate value).data is not a function
    at Object.getParkingSpotDetails (/Users/hu5ky5n0w/Projects/Lightning/park-lightning/backend/api/spot/spotService.js:8:46)
    at processTicksAndRejections (node:internal/process/task_queues:96:5)
    at async getParkingSpotDetails (/Users/hu5ky5n0w/Projects/Lightning/park-lightning/backend/api/spot/spotController.js:7:22)
error: Mar-26-2022 15:45:20: 	Error: TypeError: (intermediate value).data is not a function
    at Object.getParkingSpotDetails (/Users/hu5ky5n0w/Projects/Lightning/park-lightning/backend/api/spot/spotService.js:14:15)
    at processTicksAndRejections (node:internal/process/task_queues:96:5)
    at async getParkingSpotDetails (/Users/hu5ky5n0w/Projects/Lightning/park-lightning/backend/api/spot/spotController.js:7:22)
info: Mar-26-2022 15:45:36: 	Connection to GCP Project park-lightning successful!
info: Mar-26-2022 15:45:36: 	Connected to collection park-lightning/parkLightning
info: Mar-26-2022 15:45:36: 	API Server listening on http://127.0.0.1:8081
info: Mar-26-2022 15:45:38: 	Spot Details Response: {"success":true,"occupied":true}
info: Mar-26-2022 15:46:16: 	Connection to GCP Project park-lightning successful!
info: Mar-26-2022 15:46:16: 	Connected to collection park-lightning/parkLightning
info: Mar-26-2022 15:46:16: 	API Server listening on http://127.0.0.1:8081
info: Mar-26-2022 15:46:17: 	Spot Details Response: {"success":true,"spot":{"address":"691 John Wesley Dobbs Ave, Atlanta, GA 30312","expirationTime":1648319420,"startTime":1648317620,"expired":false,"licensePlate":"SC39133","occupied":true,"duration":1800}}
info: Mar-26-2022 15:46:43: 	Connection to GCP Project park-lightning successful!
info: Mar-26-2022 15:46:43: 	Connected to collection park-lightning/parkLightning
info: Mar-26-2022 15:46:43: 	API Server listening on http://127.0.0.1:8081
info: Mar-26-2022 15:46:44: 	Spot Details Response: {"success":true,"spot":{"expired":false,"startTime":1648317620,"expirationTime":1648319420,"occupied":true,"licensePlate":"SC39133","address":"691 John Wesley Dobbs Ave, Atlanta, GA 30312","duration":1800}}
info: Mar-26-2022 15:50:34: 	Connection to GCP Project park-lightning successful!
info: Mar-26-2022 15:50:34: 	Connected to collection park-lightning/parkLightning
info: Mar-26-2022 15:50:34: 	API Server listening on http://127.0.0.1:8081
info: Mar-26-2022 15:51:26: 	Connection to GCP Project park-lightning successful!
info: Mar-26-2022 15:51:26: 	Connected to collection park-lightning/parkLightning
info: Mar-26-2022 15:51:26: 	API Server listening on http://127.0.0.1:8081
info: Mar-26-2022 15:51:42: 	Connection to GCP Project park-lightning successful!
info: Mar-26-2022 15:51:42: 	Connected to collection park-lightning/parkLightning
info: Mar-26-2022 15:51:42: 	API Server listening on http://127.0.0.1:8081
info: Mar-26-2022 15:53:56: 	Connection to GCP Project park-lightning successful!
info: Mar-26-2022 15:53:56: 	Connected to collection park-lightning/parkLightning
info: Mar-26-2022 15:53:56: 	API Server listening on http://127.0.0.1:8081
info: Mar-26-2022 15:54:08: 	Connection to GCP Project park-lightning successful!
info: Mar-26-2022 15:54:08: 	Connected to collection park-lightning/parkLightning
info: Mar-26-2022 15:54:08: 	API Server listening on http://127.0.0.1:8081
info: Mar-26-2022 15:55:23: 	Connection to GCP Project park-lightning successful!
info: Mar-26-2022 15:55:23: 	Connected to collection park-lightning/parkLightning
info: Mar-26-2022 15:55:23: 	API Server listening on http://127.0.0.1:8081
info: Mar-26-2022 15:55:38: 	Connection to GCP Project park-lightning successful!
info: Mar-26-2022 15:55:38: 	Connected to collection park-lightning/parkLightning
info: Mar-26-2022 15:55:38: 	API Server listening on http://127.0.0.1:8081
info: Mar-26-2022 15:57:32: 	Connection to GCP Project park-lightning successful!
info: Mar-26-2022 15:57:32: 	Connected to collection park-lightning/parkLightning
info: Mar-26-2022 15:57:32: 	API Server listening on http://127.0.0.1:8081
info: Mar-26-2022 15:58:16: 	Connection to GCP Project park-lightning successful!
info: Mar-26-2022 15:58:16: 	Connected to collection park-lightning/parkLightning
info: Mar-26-2022 15:58:16: 	API Server listening on http://127.0.0.1:8081
info: Mar-26-2022 15:58:45: 	Connection to GCP Project park-lightning successful!
info: Mar-26-2022 15:58:45: 	Connected to collection park-lightning/parkLightning
info: Mar-26-2022 15:58:45: 	API Server listening on http://127.0.0.1:8081
info: Mar-26-2022 15:58:51: 	Connection to GCP Project park-lightning successful!
info: Mar-26-2022 15:58:51: 	Connected to collection park-lightning/parkLightning
info: Mar-26-2022 15:58:51: 	API Server listening on http://127.0.0.1:8081
info: Mar-26-2022 15:58:59: 	Connection to GCP Project park-lightning successful!
info: Mar-26-2022 15:58:59: 	Connected to collection park-lightning/parkLightning
info: Mar-26-2022 15:58:59: 	API Server listening on http://127.0.0.1:8081
info: Mar-26-2022 15:59:24: 	Connection to GCP Project park-lightning successful!
info: Mar-26-2022 15:59:24: 	Connected to collection park-lightning/parkLightning
info: Mar-26-2022 15:59:24: 	API Server listening on http://127.0.0.1:8081
info: Mar-26-2022 16:01:38: 	Connection to GCP Project park-lightning successful!
info: Mar-26-2022 16:01:38: 	Connected to collection park-lightning/parkLightning
info: Mar-26-2022 16:01:38: 	API Server listening on http://127.0.0.1:8081
error: Mar-26-2022 16:01:48: 	ReferenceError: now is not defined
    at Object.reserveParkingSpot (/Users/hu5ky5n0w/Projects/Lightning/park-lightning/backend/api/spot/spotService.js:16:38)
    at reserveParkingSpot (/Users/hu5ky5n0w/Projects/Lightning/park-lightning/backend/api/spot/spotController.js:28:40)
    at Layer.handle [as handle_request] (/Users/hu5ky5n0w/Projects/Lightning/park-lightning/backend/node_modules/express/lib/router/layer.js:95:5)
    at next (/Users/hu5ky5n0w/Projects/Lightning/park-lightning/backend/node_modules/express/lib/router/route.js:137:13)
    at Route.dispatch (/Users/hu5ky5n0w/Projects/Lightning/park-lightning/backend/node_modules/express/lib/router/route.js:112:3)
    at Layer.handle [as handle_request] (/Users/hu5ky5n0w/Projects/Lightning/park-lightning/backend/node_modules/express/lib/router/layer.js:95:5)
    at /Users/hu5ky5n0w/Projects/Lightning/park-lightning/backend/node_modules/express/lib/router/index.js:281:22
    at Function.process_params (/Users/hu5ky5n0w/Projects/Lightning/park-lightning/backend/node_modules/express/lib/router/index.js:341:12)
    at next (/Users/hu5ky5n0w/Projects/Lightning/park-lightning/backend/node_modules/express/lib/router/index.js:275:10)
    at expressInit (/Users/hu5ky5n0w/Projects/Lightning/park-lightning/backend/node_modules/express/lib/middleware/init.js:40:5)
error: Mar-26-2022 16:01:48: 	Error: ReferenceError: now is not defined
    at Object.reserveParkingSpot (/Users/hu5ky5n0w/Projects/Lightning/park-lightning/backend/api/spot/spotService.js:31:15)
    at reserveParkingSpot (/Users/hu5ky5n0w/Projects/Lightning/park-lightning/backend/api/spot/spotController.js:28:40)
    at Layer.handle [as handle_request] (/Users/hu5ky5n0w/Projects/Lightning/park-lightning/backend/node_modules/express/lib/router/layer.js:95:5)
    at next (/Users/hu5ky5n0w/Projects/Lightning/park-lightning/backend/node_modules/express/lib/router/route.js:137:13)
    at Route.dispatch (/Users/hu5ky5n0w/Projects/Lightning/park-lightning/backend/node_modules/express/lib/router/route.js:112:3)
    at Layer.handle [as handle_request] (/Users/hu5ky5n0w/Projects/Lightning/park-lightning/backend/node_modules/express/lib/router/layer.js:95:5)
    at /Users/hu5ky5n0w/Projects/Lightning/park-lightning/backend/node_modules/express/lib/router/index.js:281:22
    at Function.process_params (/Users/hu5ky5n0w/Projects/Lightning/park-lightning/backend/node_modules/express/lib/router/index.js:341:12)
    at next (/Users/hu5ky5n0w/Projects/Lightning/park-lightning/backend/node_modules/express/lib/router/index.js:275:10)
    at expressInit (/Users/hu5ky5n0w/Projects/Lightning/park-lightning/backend/node_modules/express/lib/middleware/init.js:40:5)
info: Mar-26-2022 16:02:26: 	Connection to GCP Project park-lightning successful!
info: Mar-26-2022 16:02:26: 	Connected to collection park-lightning/parkLightning
info: Mar-26-2022 16:02:26: 	API Server listening on http://127.0.0.1:8081
info: Mar-26-2022 16:02:30: 	Reserve Spot Response: {"success":true,"message":{"_writeTime":{"_seconds":1648324950,"_nanoseconds":756013000}}}
info: Mar-26-2022 16:09:24: 	Connection to GCP Project park-lightning successful!
info: Mar-26-2022 16:09:24: 	Connected to collection park-lightning/parkLightning
info: Mar-26-2022 16:09:24: 	API Server listening on http://127.0.0.1:8081
info: Mar-26-2022 16:09:29: 	Reserve Spot Response: {"success":true,"message":{"_writeTime":{"_seconds":1648325369,"_nanoseconds":626157000}}}
info: Mar-26-2022 16:14:29: 	Connection to GCP Project park-lightning successful!
info: Mar-26-2022 16:14:29: 	Connected to collection park-lightning/parkLightning
info: Mar-26-2022 16:14:29: 	API Server listening on http://127.0.0.1:8081
info: Mar-26-2022 16:14:59: 	Connection to GCP Project park-lightning successful!
info: Mar-26-2022 16:14:59: 	Connected to collection park-lightning/parkLightning
info: Mar-26-2022 16:14:59: 	API Server listening on http://127.0.0.1:8081
info: Mar-26-2022 16:15:04: 	Connection to GCP Project park-lightning successful!
info: Mar-26-2022 16:15:04: 	Connected to collection park-lightning/parkLightning
info: Mar-26-2022 16:15:04: 	API Server listening on http://127.0.0.1:8081
info: Mar-26-2022 16:17:01: 	Connection to GCP Project park-lightning successful!
info: Mar-26-2022 16:17:01: 	Connected to collection park-lightning/parkLightning
info: Mar-26-2022 16:17:01: 	API Server listening on http://127.0.0.1:8081
info: Mar-26-2022 16:17:40: 	Connection to GCP Project park-lightning successful!
info: Mar-26-2022 16:17:40: 	Connected to collection park-lightning/parkLightning
info: Mar-26-2022 16:17:40: 	API Server listening on http://127.0.0.1:8081
info: Mar-26-2022 16:17:48: 	Connection to GCP Project park-lightning successful!
info: Mar-26-2022 16:17:48: 	Connected to collection park-lightning/parkLightning
info: Mar-26-2022 16:17:48: 	API Server listening on http://127.0.0.1:8081
info: Mar-26-2022 16:17:53: 	Connection to GCP Project park-lightning successful!
info: Mar-26-2022 16:17:53: 	Connected to collection park-lightning/parkLightning
info: Mar-26-2022 16:17:53: 	API Server listening on http://127.0.0.1:8081
info: Mar-26-2022 16:18:02: 	Connection to GCP Project park-lightning successful!
info: Mar-26-2022 16:18:02: 	Connected to collection park-lightning/parkLightning
info: Mar-26-2022 16:18:02: 	API Server listening on http://127.0.0.1:8081
info: Mar-26-2022 16:18:11: 	Connection to GCP Project park-lightning successful!
info: Mar-26-2022 16:18:11: 	Connected to collection park-lightning/parkLightning
info: Mar-26-2022 16:18:11: 	API Server listening on http://127.0.0.1:8081
info: Mar-26-2022 16:18:30: 	Connection to GCP Project park-lightning successful!
info: Mar-26-2022 16:18:30: 	Connected to collection park-lightning/parkLightning
info: Mar-26-2022 16:18:30: 	API Server listening on http://127.0.0.1:8081
info: Mar-26-2022 16:18:32: 	Connection to GCP Project park-lightning successful!
info: Mar-26-2022 16:18:32: 	Connected to collection park-lightning/parkLightning
info: Mar-26-2022 16:18:32: 	API Server listening on http://127.0.0.1:8081
info: Mar-26-2022 16:18:36: 	Connection to GCP Project park-lightning successful!
info: Mar-26-2022 16:18:36: 	Connected to collection park-lightning/parkLightning
info: Mar-26-2022 16:18:36: 	API Server listening on http://127.0.0.1:8081
info: Mar-26-2022 16:18:37: 	Connection to GCP Project park-lightning successful!
info: Mar-26-2022 16:18:37: 	Connected to collection park-lightning/parkLightning
info: Mar-26-2022 16:18:37: 	API Server listening on http://127.0.0.1:8081
